I;Pivot du fichier NMEA [D:\RepoS\nmeaDB\nmeaDb\datas\Nav_20180601.nmea] vers le ficher NMEA [D:\RepoS\nmeaDB\nmeaDb\nmeaDb.sqlite]
Traitement non prevu pour candidat : $PSRT,001,,,Software Bootloader Ver 4.0 *57
Traitement non prevu pour candidat : $PSRT,001,,,--- Jul  4 2008 13:17:18 ---*54
Traitement non prevu pour candidat : $PSRT,VER,,,,,,00001403*6E
Traitement non prevu pour candidat : $PSRT,001,,,Booting main application*13
Traitement non prevu pour candidat : $PSRT,001,,,--- -----------------------------------*14
Traitement non prevu pour candidat : $PSRT,001,,,--- Class B AIS Transponder *36
Traitement non prevu pour candidat : $PSRT,001,,,--- *39
Traitement non prevu pour candidat : $PSRT,001,,,--- SW Ver 10.0.13.0 May 25 2010 14:24:04 *27
Traitement non prevu pour candidat : $PSRT,001,,,--- FPGA Ver 5   HW Ver unknown    *4B
Traitement non prevu pour candidat : $PSRT,VER,,,00000000,002F760C,00000005,0A000D00 *4E
Traitement non prevu pour candidat : $PSRT,001,,,--- Loading previous settings...    *45
Traitement non prevu pour candidat : $GPTXT,01,01,02,ANTSTATUS=OK*3B
Traitement non prevu pour candidat : $GPTXT,01,01,02,ANTSTATUS=OK*3B
Traitement non prevu pour candidat : $PSRT,001,,,Startup timer expired*61
Traitement non prevu pour candidat : $AITXT,01,01,25,AIS: Internal GNSS in use*7C
Traitement non prevu pour candidat : $AITXT,01,01,28,AIS: Internal SOG/COG in use*47
Traitement non prevu pour candidat : $AIALR,072614,001,A,V,AIS: Tx malfunction*74
Traitement non prevu pour candidat : $AIALR,072614,001,V,V,AIS: Tx malfunction*63
Traitement non prevu pour candidat : $AIALR,072645,001,A,V,AIS: Tx malfunction*70
Traitement non prevu pour candidat : $AIALR,072645,001,V,V,AIS: Tx malfunction*67
Traitement non prevu pour candidat : $AIALR,072715,001,A,V,AIS: Tx malfunction*74
Traitement non prevu pour candidat : $AIALR,072715,002,A,V,AIS: Antenna VSWR fault*2C
Traitement non prevu pour candidat : $AITXT,01,01,23,AIS: Internal DGNSS in use (beacon)*1B
Traitement non prevu pour candidat : $AIALR,072715,002,V,V,AIS: Antenna VSWR fault*3B
Traitement non prevu pour candidat : $AIALR,072745,001,A,V,AIS: Tx malfunction*71
Traitement non prevu pour candidat : $AIALR,072745,001,V,V,AIS: Tx malfunction*66
Traitement non prevu pour candidat : $AIALR,072815,001,A,V,AIS: Tx malfunction*7B
Traitement non prevu pour candidat : $AIALR,072815,001,V,V,AIS: Tx malfunction*6C
Traitement non prevu pour candidat : $AIALR,072844,001,A,V,AIS: Tx malfunction*7F
Traitement non prevu pour candidat : $AIALR,072844,001,V,V,AIS: Tx malfunction*68
Traitement non prevu pour candidat : $AITXT,01,01,25,AIS: Internal GNSS in use*7C
Traitement non prevu pour candidat : $AIALR,072914,001,A,V,AIS: Tx malfunction*7B
Traitement non prevu pour candidat : $AIALR,072914,002,A,V,AIS: Antenna VSWR fault*23
Traitement non prevu pour candidat : $AIALR,072914,002,V,V,AIS: Antenna VSWR fault*34
Traitement non prevu pour candidat : $AITXT,01,01,23,AIS: Internal DGNSS in use (beacon)*1B
Traitement non prevu pour candidat : $AITXT,01,01,62,TX attempt failed (msg 18 CP busy )*69
Traitement non prevu pour candidat : $AITXT,01,01,62,TX attempt failed (msg 18 CP busy )*69
Traitement non prevu pour candidat : $AITXT,01,01,62,TX attempt failed (msg 18 CP busy )*69
Traitement non prevu pour candidat : $AITXT,01,01,70,Entered a DSC Receivable Window Chan A*46
Traitement non prevu pour candidat : $AITXT,01,01,62,TX attempt failed (msg 18 CP busy )*69
Traitement non prevu pour candidat : $AITXT,01,01,70,Leaving a DSC Receivable Window^2C Chan A*7E
Traitement non prevu pour candidat : $AITXT,01,01,62,TX attempt failed (msg 18 CP busy )*69
Traitement non prevu pour candidat : $AITXT,01,01,70,Entered a DSC Receivable Window Chan B*45
Traitement non prevu pour candidat : $AITXT,01,01,70,Leaving a DSC Receivable Window^2C Chan B*7D
Traitement non prevu pour candidat : $AITXT,01,01,62,TX attempt failed (msg 24 CP busy )*66
Traitement non prevu pour candidat : $AITXT,01,01,62,TX attempt failed (msg 24 CP busy )*66
Traitement non prevu pour candidat : $AITXT,01,01,62,TX attempt failed (msg 24 CP busy )*66
Traitement non prevu pour candidat : $AITXT,01,01,70,Entered a DSC Receivable Window Chan A*46
Traitement non prevu pour candidat : $AITXT,01,01,70,Leaving a DSC Receivable Window^2C Chan A*7E
Traitement non prevu pour candidat : $AITXT,01,01,70,Entered a DSC Receivable Window Chan B*45
Traitement non prevu pour candidat : $AITXT,01,01,70,Leaving a DSC Receivable Window^2C Chan B*7D
Traitement non prevu pour candidat : $AITXT,01,01,62,TX attempt failed (msg 18 CP busy )*69
Traitement non prevu pour candidat : $AITXT,01,01,70,Entered a DSC Receivable Window Chan A*46
Traitement non prevu pour candidat : $AITXT,01,01,70,Leaving a DSC Receivable Window^2C Chan A*7E
Traitement non prevu pour candidat : $AITXT,01,01,70,Entered a DSC Receivable Window Chan B*45
Traitement non prevu pour candidat : $AITXT,01,01,70,Leaving a DSC Receivable Window^2C Chan B*7D
Traitement non prevu pour candidat : $AITXT,01,01,62,TX attempt failed (msg 18 CP busy )*69
Traitement non prevu pour candidat : $AITXT,01,01,62,TX attempt failed (msg 18 CP busy )*69
Traitement non prevu pour candidat : $AITXT,01,01,62,TX attempt failed (msg 18 CP busy )*69
Traitement non prevu pour candidat : $AITXT,01,01,62,TX attempt failed (msg 18 CP busy )*69
Traitement non prevu pour candidat : $AITXT,01,01,62,TX attempt failed (msg 18 CP busy )*69
Traitement non prevu pour candidat : $AITXT,01,01,62,TX attempt failed (msg 18 CP busy )*69
Traitement non prevu pour candidat : $AITXT,01,01,62,TX attempt failed (msg 18 CP busy )*69
Traitement non prevu pour candidat : $AITXT,01,01,62,TX attempt failed (msg 18 CP busy )*69
Traitement non prevu pour candidat : $AITXT,01,01,62,TX attempt failed (msg 18 CP busy )*69
Traitement non prevu pour candidat : $AITXT,01,01,62,TX attempt failed (msg 18 CP busy )*69
Traitement non prevu pour candidat : $AITXT,01,01,62,TX attempt failed (msg 18 CP busy )*69
Traitement non prevu pour candidat : $AITXT,01,01,62,TX attempt failed (msg 18 CP busy )*69
Traitement non prevu pour candidat : $AITXT,01,01,62,TX attempt failed (msg 24 CP busy )*66
Traitement non prevu pour candidat : $AITXT,01,01,62,TX attempt failed (msg 24 CP busy )*66
Traitement non prevu pour candidat : $AITXT,01,01,62,TX attempt failed (msg 24 CP busy )*66
Traitement non prevu pour candidat : $AITXT,01,01,62,TX attempt failed (msg 24 CP busy )*66
Traitement non prevu pour candidat : $AITXT,01,01,62,TX attempt failed (msg 24 CP busy )*66
Traitement non prevu pour candidat : $AITXT,01,01,62,TX attempt failed (msg 24 CP busy )*66
Traitement non prevu pour candidat : $AITXT,01,01,62,TX attempt failed (msg 24 CP busy )*66
Traitement non prevu pour candidat : $AITXT,01,01,62,TX attempt failed (msg 18 CP busy )*69
Traitement non prevu pour candidat : $AITXT,01,01,70,Entered a DSC Receivable Window Chan A*46
Traitement non prevu pour candidat : $AITXT,01,01,70,Leaving a DSC Receivable Window^2C Chan A*7E
Traitement non prevu pour candidat : $AITXT,01,01,62,TX attempt failed (msg 18 CP busy )*69
Traitement non prevu pour candidat : $AITXT,01,01,70,Entered a DSC Receivable Window Chan B*45
Traitement non prevu pour candidat : $AITXT,01,01,70,Leaving a DSC Receivable Window^2C Chan B*7D
Traitement non prevu pour candidat : $AITXT,01,01,62,TX attempt failed (msg 18 CP busy )*69
Traitement non prevu pour candidat : $AITXT,01,01,62,TX attempt failed (msg 18 CP busy )*69
Traitement non prevu pour candidat : $AITXT,01,01,62,TX attempt failed (msg 18 CP busy )*69
Traitement non prevu pour candidat : $AITXT,01,01,62,TX attempt failed (msg 18 CP busy )*69
Traitement non prevu pour candidat : $AITXT,01,01,62,TX attempt failed (msg 18 CP busy )*69
Traitement non prevu pour candidat : $AITXT,01,01,62,TX attempt failed (msg 18 CP busy )*69
Traitement non prevu pour candidat : $AITXT,01,01,62,TX attempt failed (msg 18 CP busy )*69
Traitement non prevu pour candidat : $AITXT,01,01,62,TX attempt failed (msg 18 CP busy )*69
Traitement non prevu pour candidat : $AITXT,01,01,62,TX attempt failed (msg 18 CP busy )*69
Traitement non prevu pour candidat : $AITXT,01,01,62,TX attempt failed (msg 18 CP busy )*69
Traitement non prevu pour candidat : $AITXT,01,01,62,TX attempt failed (msg 18 CP busy )*69
Traitement non prevu pour candidat : $AITXT,01,01,62,TX attempt failed (msg 18 CP busy )*69
Traitement non prevu pour candidat : $AITXT,01,01,62,TX attempt failed (msg 18 CP busy )*69
Traitement non prevu pour candidat : $AITXT,01,01,62,TX attempt failed (msg 18 CP busy )*69
Traitement non prevu pour candidat : $AITXT,01,01,62,TX attempt failed (msg 18 CP busy )*69
Traitement non prevu pour candidat : $AITXT,01,01,62,Max number of CP exceeded (msg 18)*73
Traitement non prevu pour candidat : $AITXT,01,01,62,TX attempt failed (msg 18 CP busy )*69
Traitement non prevu pour candidat : $AITXT,01,01,62,TX attempt failed (msg 18 CP busy )*69
Traitement non prevu pour candidat : $AITXT,01,01,62,TX attempt failed (msg 18 CP busy )*69
Traitement non prevu pour candidat : $AITXT,01,01,62,TX attempt failed (msg 18 CP busy )*69
Traitement non prevu pour candidat : $AITXT,01,01,62,TX attempt failed (msg 18 CP busy )*69
Traitement non prevu pour candidat : $AITXT,01,01,62,TX attempt failed (msg 18 CP busy )*69
Traitement non prevu pour candidat : $AITXT,01,01,62,TX attempt failed (msg 18 CP busy )*69
Traitement non prevu pour candidat : $AITXT,01,01,62,TX attempt failed (msg 18 CP busy )*69
Traitement non prevu pour candidat : $AITXT,01,01,62,TX attempt failed (msg 18 CP busy )*69
Traitement non prevu pour candidat : $AITXT,01,01,62,TX attempt failed (msg 18 CP busy )*69
Traitement non prevu pour candidat : $AITXT,01,01,62,Max number of CP exceeded (msg 18)*73
Traitement non prevu pour candidat : $AITXT,01,01,62,TX attempt failed (msg 18 CP busy )*69
Traitement non prevu pour candidat : $AITXT,01,01,62,TX attempt failed (msg 18 CP busy )*69
Traitement non prevu pour candidat : $AITXT,01,01,62,TX attempt failed (msg 18 CP busy )*69
Traitement non prevu pour candidat : $AITXT,01,01,62,TX attempt failed (msg 18 CP busy )*69
Traitement non prevu pour candidat : $AITXT,01,01,62,TX attempt failed (msg 18 CP busy )*69
Traitement non prevu pour candidat : $AITXT,01,01,62,TX attempt failed (msg 18 CP busy )*69
Traitement non prevu pour candidat : $AITXT,01,01,62,TX attempt failed (msg 18 CP busy )*69
Traitement non prevu pour candidat : $AITXT,01,01,62,TX attempt failed (msg 18 CP busy )*69
Traitement non prevu pour candidat : $AITXT,01,01,62,TX attempt failed (msg 18 CP busy )*69
Traitement non prevu pour candidat : $AITXT,01,01,62,TX attempt failed (msg 18 CP busy )*69
Traitement non prevu pour candidat : $AITXT,01,01,62,TX attempt failed (msg 18 CP busy )*69
Traitement non prevu pour candidat : $AITXT,01,01,62,TX attempt failed (msg 18 CP busy )*69
Traitement non prevu pour candidat : $AITXT,01,01,62,TX attempt failed (msg 18 CP busy )*69
Traitement non prevu pour candidat : $AITXT,01,01,62,TX attempt failed (msg 18 CP busy )*69
Traitement non prevu pour candidat : $AITXT,01,01,62,TX attempt failed (msg 18 CP busy )*69
Traitement non prevu pour candidat : $AITXT,01,01,62,TX attempt failed (msg 18 CP busy )*69
Traitement non prevu pour candidat : $AITXT,01,01,62,TX attempt failed (msg 18 CP busy )*69
Traitement non prevu pour candidat : $AITXT,01,01,62,TX attempt failed (msg 18 CP busy )*69
Traitement non prevu pour candidat : $AITXT,01,01,62,Max number of CP exceeded (msg 18)*73
Traitement non prevu pour candidat : $AITXT,01,01,62,TX attempt failed (msg 18 CP busy )*69
Traitement non prevu pour candidat : $AITXT,01,01,62,TX attempt failed (msg 18 CP busy )*69
Traitement non prevu pour candidat : $AITXT,01,01,62,TX attempt failed (msg 18 CP busy )*69
Traitement non prevu pour candidat : $AITXT,01,01,62,TX attempt failed (msg 18 CP busy )*69
Traitement non prevu pour candidat : $AITXT,01,01,62,TX attempt failed (msg 18 CP busy )*69
Traitement non prevu pour candidat : $AITXT,01,01,62,TX attempt failed (msg 18 CP busy )*69
Traitement non prevu pour candidat : $AITXT,01,01,62,TX attempt failed (msg 18 CP busy )*69
Traitement non prevu pour candidat : $AITXT,01,01,62,TX attempt failed (msg 18 CP busy )*69
Traitement non prevu pour candidat : $AITXT,01,01,62,TX attempt failed (msg 18 CP busy )*69
Traitement non prevu pour candidat : $AITXT,01,01,62,TX attempt failed (msg 18 CP busy )*69
Traitement non prevu pour candidat : $AITXT,01,01,62,Max number of CP exceeded (msg 18)*73
Traitement non prevu pour candidat : $AITXT,01,01,62,TX attempt failed (msg 18 CP busy )*69
Traitement non prevu pour candidat : $AITXT,01,01,62,TX attempt failed (msg 24 CP busy )*66
Traitement non prevu pour candidat : $AITXT,01,01,62,TX attempt failed (msg 24 CP busy )*66
Traitement non prevu pour candidat : $AITXT,01,01,62,TX attempt failed (msg 24 CP busy )*66
Traitement non prevu pour candidat : $AITXT,01,01,62,TX attempt failed (msg 24 CP busy )*66
Traitement non prevu pour candidat : $AITXT,01,01,62,TX attempt failed (msg 24 CP busy )*66
Traitement non prevu pour candidat : $AITXT,01,01,62,TX attempt failed (msg 24 CP busy )*66
Traitement non prevu pour candidat : $AITXT,01,01,62,TX attempt failed (msg 18 CP busy )*69
Traitement non prevu pour candidat : $AITXT,01,01,70,Entered a DSC Receivable Window Chan A*46
Traitement non prevu pour candidat : $AITXT,01,01,70,Leaving a DSC Receivable Window^2C Chan A*7E
Traitement non prevu pour candidat : $AITXT,01,01,70,Entered a DSC Receivable Window Chan B*45
Traitement non prevu pour candidat : $AITXT,01,01,70,Leaving a DSC Receivable Window^2C Chan B*7D
Traitement non prevu pour candidat : $AITXT,01,01,62,TX attempt failed (msg 18 CP busy )*69
Traitement non prevu pour candidat : $AITXT,01,01,62,TX attempt failed (msg 18 CP busy )*69
Traitement non prevu pour candidat : $AITXT,01,01,62,TX attempt failed (msg 18 CP busy )*69
Traitement non prevu pour candidat : $AITXT,01,01,62,TX attempt failed (msg 18 CP busy )*69
Traitement non prevu pour candidat : $AITXT,01,01,62,TX attempt failed (msg 24 CP busy )*66
Traitement non prevu pour candidat : $AITXT,01,01,62,TX attempt failed (msg 24 CP busy )*66
Traitement non prevu pour candidat : $AITXT,01,01,62,TX attempt failed (msg 24 CP busy )*66
Traitement non prevu pour candidat : $AITXT,01,01,62,TX attempt failed (msg 18 CP busy )*69
Traitement non prevu pour candidat : $AITXT,01,01,62,TX attempt failed (msg 18 CP busy )*69
Traitement non prevu pour candidat : $AITXT,01,01,62,TX attempt failed (msg 18 CP busy )*69
Traitement non prevu pour candidat : $AITXT,01,01,62,TX attempt failed (msg 18 CP busy )*69
Traitement non prevu pour candidat : $AITXT,01,01,62,TX attempt failed (msg 18 CP busy )*69
Traitement non prevu pour candidat : $AITXT,01,01,62,TX attempt failed (msg 18 CP busy )*69
Traitement non prevu pour candidat : $AITXT,01,01,70,Entered a DSC Receivable Window Chan A*46
Traitement non prevu pour candidat : $AITXT,01,01,70,Leaving a DSC Receivable Window^2C Chan A*7E
Traitement non prevu pour candidat : $AITXT,01,01,70,Entered a DSC Receivable Window Chan B*45
Traitement non prevu pour candidat : $AITXT,01,01,62,TX attempt failed (msg 18 CP busy )*69
Traitement non prevu pour candidat : $AITXT,01,01,70,Leaving a DSC Receivable Window^2C Chan B*7D
Traitement non prevu pour candidat : $AITXT,01,01,62,TX attempt failed (msg 18 CP busy )*69
Traitement non prevu pour candidat : $AITXT,01,01,62,TX attempt failed (msg 18 CP busy )*69
Traitement non prevu pour candidat : $AITXT,01,01,62,TX attempt failed (msg 18 FATDMA)*7C
Traitement non prevu pour candidat : $AITXT,01,01,62,TX attempt failed (msg 18 CP busy )*69
Traitement non prevu pour candidat : $AITXT,01,01,62,TX attempt failed (msg 18 CP busy )*69
Traitement non prevu pour candidat : $AITXT,01,01,62,TX attempt failed (msg 18 CP busy )*69
Traitement non prevu pour candidat : $AITXT,01,01,70,Entered a DSC Receivable Window Chan A*46
Traitement non prevu pour candidat : $AITXT,01,01,70,Leaving a DSC Receivable Window^2C Chan A*7E
Traitement non prevu pour candidat : $AITXT,01,01,70,Entered a DSC Receivable Window Chan B*45
Traitement non prevu pour candidat : $AITXT,01,01,70,Leaving a DSC Receivable Window^2C Chan B*7D
Traitement non prevu pour candidat : $AITXT,01,01,62,TX attempt failed (msg 18 CP busy )*69
Traitement non prevu pour candidat : $AITXT,01,01,62,TX attempt failed (msg 18 CP busy )*69
Traitement non prevu pour candidat : $AITXT,01,01,62,TX attempt failed (msg 18 CP busy )*69
Traitement non prevu pour candidat : $AITXT,01,01,62,TX attempt failed (msg 18 CP busy )*69
Traitement non prevu pour candidat : $AITXT,01,01,70,Entered a DSC Receivable Window Chan A*46
Traitement non prevu pour candidat : $AITXT,01,01,70,Leaving a DSC Receivable Window^2C Chan B*7D
Traitement non prevu pour candidat : $AITXT,01,01,70,Entered a DSC Receivable Window Chan A*46
Traitement non prevu pour candidat : $AITXT,01,01,70,Leaving a DSC Receivable Window^2C Chan A*7E
Traitement non prevu pour candidat : $AITXT,01,01,70,Entered a DSC Receivable Window Chan B*45
Traitement non prevu pour candidat : $AITXT,01,01,70,Leaving a DSC Receivable Window^2C Chan B*7D
Traitement non prevu pour candidat : $AITXT,01,01,62,TX attempt failed (msg 18 CP busy )*69
Traitement non prevu pour candidat : $AITXT,01,01,70,Entered a DSC Receivable Window Chan A*46
Traitement non prevu pour candidat : $AITXT,01,01,70,Leaving a DSC Receivable Window^2C Chan A*7E
Traitement non prevu pour candidat : $AITXT,01,01,70,Entered a DSC Receivable Window Chan B*45
Traitement non prevu pour candidat : $AITXT,01,01,70,Leaving a DSC Receivable Window^2C Chan B*7D
Traitement non prevu pour candidat : $AITXT,01,01,62,TX attempt failed (msg 18 CP busy )*69
Traitement non prevu pour candidat : $AITXT,01,01,62,TX attempt failed (msg 18 CP busy )*69
Traitement non prevu pour candidat : $AITXT,01,01,62,TX attempt failed (msg 18 CP busy )*69
Traitement non prevu pour candidat : $AITXT,01,01,62,TX attempt failed (msg 18 CP busy )*69
Traitement non prevu pour candidat : $AITXT,01,01,62,TX attempt failed (msg 18 CP busy )*69
Traitement non prevu pour candidat : $AITXT,01,01,62,TX attempt failed (msg 18 CP busy )*69
Traitement non prevu pour candidat : $AITXT,01,01,62,TX attempt failed (msg 18 CP busy )*69
Traitement non prevu pour candidat : $AITXT,01,01,62,TX attempt failed (msg 18 CP busy )*69
Traitement non prevu pour candidat : $AITXT,01,01,62,TX attempt failed (msg 18 CP busy )*69
Traitement non prevu pour candidat : $AITXT,01,01,62,TX attempt failed (msg 18 CP busy )*69
Traitement non prevu pour candidat : $AITXT,01,01,62,Max number of CP exceeded (msg 18)*73
Traitement non prevu pour candidat : $AITXT,01,01,62,TX attempt failed (msg 24 CP busy )*66
Traitement non prevu pour candidat : $AITXT,01,01,62,TX attempt failed (msg 24 CP busy )*66
Traitement non prevu pour candidat : $AITXT,01,01,70,Entered a DSC Receivable Window Chan A*46
Traitement non prevu pour candidat : $AITXT,01,01,70,Leaving a DSC Receivable Window^2C Chan A*7E
Traitement non prevu pour candidat : $AIALR,100607,001,A,V,AIS: Tx malfunction*72
Traitement non prevu pour candidat : $AIALR,100607,001,V,V,AIS: Tx malfunction*65
Traitement non prevu pour candidat : $AITXT,01,01,70,Entered a DSC Receivable Window Chan B*45
Traitement non prevu pour candidat : $AITXT,01,01,70,Leaving a DSC Receivable Window^2C Chan B*7D
Traitement non prevu pour candidat : $AIALR,100836,001,A,V,AIS: Tx malfunction*7E
Traitement non prevu pour candidat : $AIALR,100836,001,V,V,AIS: Tx malfunction*69
Traitement non prevu pour candidat : $AITXT,01,01,62,TX attempt failed (msg 18 CP busy )*69
Traitement non prevu pour candidat : $AITXT,01,01,70,Entered a DSC Receivable Window Chan A*46
Traitement non prevu pour candidat : $AITXT,01,01,70,Leaving a DSC Receivable Window^2C Chan A*7E
Traitement non prevu pour candidat : $AITXT,01,01,70,Entered a DSC Receivable Window Chan B*45
Traitement non prevu pour candidat : $AITXT,01,01,70,Leaving a DSC Receivable Window^2C Chan B*7D
Traitement non prevu pour candidat : $AITXT,01,01,62,TX attempt failed (msg 18 CP busy )*69
Traitement non prevu pour candidat : $AITXT,01,01,62,TX attempt failed (msg 18 CP busy )*69
Traitement non prevu pour candidat : $AITXT,01,01,62,TX attempt failed (msg 18 CP busy )*69
Traitement non prevu pour candidat : $AITXT,01,01,62,TX attempt failed (msg 18 CP busy )*69
Traitement non prevu pour candidat : $AITXT,01,01,62,TX attempt failed (msg 18 CP busy )*69
Traitement non prevu pour candidat : $AITXT,01,01,70,Entered a DSC Receivable Window Chan A*46
Traitement non prevu pour candidat : $AITXT,01,01,70,Leaving a DSC Receivable Window^2C Chan A*7E
Traitement non prevu pour candidat : $AITXT,01,01,70,Entered a DSC Receivable Window Chan B*45
Traitement non prevu pour candidat : $AITXT,01,01,70,Leaving a DSC Receivable Window^2C Chan B*7D
Traitement non prevu pour candidat : $AITXT,01,01,62,TX attempt failed (msg 18 CP busy )*69
Traitement non prevu pour candidat : $AIALR,104535,001,A,V,AIS: Tx malfunction*74
Traitement non prevu pour candidat : $AIALR,104535,001,V,V,AIS: Tx malfunction*63
Traitement non prevu pour candidat : $AIALR,104634,001,A,V,AIS: Tx malfunction*76
Traitement non prevu pour candidat : $AIALR,104634,001,V,V,AIS: Tx malfunction*61
Traitement non prevu pour candidat : $AIALR,104804,001,A,V,AIS: Tx malfunction*7B
Traitement non prevu pour candidat : $AIALR,104804,001,V,V,AIS: Tx malfunction*6C
Traitement non prevu pour candidat : $AIALR,104834,001,A,V,AIS: Tx malfunction*78
Traitement non prevu pour candidat : $AIALR,104834,001,V,V,AIS: Tx malfunction*6F
Traitement non prevu pour candidat : $AIALR,104935,001,A,V,AIS: Tx malfunction*78
Traitement non prevu pour candidat : $AIALR,104935,001,V,V,AIS: Tx malfunction*6F
Traitement non prevu pour candidat : $AITXT,01,01,70,Entered a DSC Receivable Window Chan A*46
Traitement non prevu pour candidat : $AITXT,01,01,70,Leaving a DSC Receivable Window^2C Chan A*7E
Traitement non prevu pour candidat : $AITXT,01,01,70,Entered a DSC Receivable Window Chan B*45
Traitement non prevu pour candidat : $AITXT,01,01,70,Leaving a DSC Receivable Window^2C Chan B*7D
Traitement non prevu pour candidat : $AIALR,105236,001,A,V,AIS: Tx malfunction*71
Traitement non prevu pour candidat : $AIALR,105236,001,V,V,AIS: Tx malfunction*66
Traitement non prevu pour candidat : $AIALR,105633,001,A,V,AIS: Tx malfunction*70
Traitement non prevu pour candidat : $AIALR,105633,001,V,V,AIS: Tx malfunction*67
Traitement non prevu pour candidat : $AIALR,105704,001,A,V,AIS: Tx malfunction*75
Traitement non prevu pour candidat : $AIALR,105704,001,V,V,AIS: Tx malfunction*62
Traitement non prevu pour candidat : $AITXT,01,01,62,TX attempt failed (msg 18 FATDMA)*7C
Traitement non prevu pour candidat : $AITXT,01,01,70,Entered a DSC Receivable Window Chan A*46
Traitement non prevu pour candidat : $AITXT,01,01,70,Leaving a DSC Receivable Window^2C Chan A*7E
Traitement non prevu pour candidat : $AITXT,01,01,70,Entered a DSC Receivable Window Chan B*45
Traitement non prevu pour candidat : $AIALR,110635,001,A,V,AIS: Tx malfunction*72
Traitement non prevu pour candidat : $AIALR,110635,001,V,V,AIS: Tx malfunction*65
Traitement non prevu pour candidat : $AITXT,01,01,70,Leaving a DSC Receivable Window^2C Chan B*7D
Traitement non prevu pour candidat : $AIALR,110704,001,A,V,AIS: Tx malfunction*71
Traitement non prevu pour candidat : $AIALR,110704,001,V,V,AIS: Tx malfunction*66
Traitement non prevu pour candidat : $AITXT,01,01,62,TX attempt failed (msg 18 CP busy )*69
Traitement non prevu pour candidat : $AITXT,01,01,62,TX attempt failed (msg 18 CP busy )*69
Traitement non prevu pour candidat : $AITXT,01,01,62,TX attempt failed (msg 18 CP busy )*69
Traitement non prevu pour candidat : $AITXT,01,01,62,TX attempt failed (msg 18 FATDMA)*7C
Traitement non prevu pour candidat : $AITXT,01,01,62,TX attempt failed (msg 18 CP busy )*69
Traitement non prevu pour candidat : $AITXT,01,01,70,Entered a DSC Receivable Window Chan A*46
Traitement non prevu pour candidat : $AITXT,01,01,70,Leaving a DSC Receivable Window^2C Chan A*7E
Traitement non prevu pour candidat : $AITXT,01,01,70,Entered a DSC Receivable Window Chan B*45
Traitement non prevu pour candidat : $AITXT,01,01,70,Leaving a DSC Receivable Window^2C Chan B*7D
Traitement non prevu pour candidat : $AITXT,01,01,62,TX attempt failed (msg 18 CP busy )*69
Traitement non prevu pour candidat : $AITXT,01,01,62,TX attempt failed (msg 18 CP busy )*69
Traitement non prevu pour candidat : $AITXT,01,01,62,TX attempt failed (msg 18 CP busy )*69
Traitement non prevu pour candidat : $AITXT,01,01,70,Entered a DSC Receivable Window Chan A*46
Traitement non prevu pour candidat : $AITXT,01,01,70,Leaving a DSC Receivable Window^2C Chan A*7E
Traitement non prevu pour candidat : $AITXT,01,01,70,Entered a DSC Receivable Window Chan B*45
Traitement non prevu pour candidat : $AITXT,01,01,70,Leaving a DSC Receivable Window^2C Chan B*7D
Traitement non prevu pour candidat : $AITXT,01,01,62,TX attempt failed (msg 18 FATDMA)*7C
Traitement non prevu pour candidat : $AITXT,01,01,70,Entered a DSC Receivable Window Chan A*46
Traitement non prevu pour candidat : $AITXT,01,01,70,Leaving a DSC Receivable Window^2C Chan A*7E
Traitement non prevu pour candidat : $AITXT,01,01,70,Entered a DSC Receivable Window Chan B*45
Traitement non prevu pour candidat : $AITXT,01,01,70,Leaving a DSC Receivable Window^2C Chan B*7D
Traitement non prevu pour candidat : $AITXT,01,01,70,Entered a DSC Receivable Window Chan A*46
Traitement non prevu pour candidat : $AITXT,01,01,70,Leaving a DSC Receivable Window^2C Chan A*7E
Traitement non prevu pour candidat : $AITXT,01,01,70,Entered a DSC Receivable Window Chan B*45
Traitement non prevu pour candidat : $AITXT,01,01,70,Leaving a DSC Receivable Window^2C Chan B*7D
Traitement non prevu pour candidat : $AITXT,01,01,62,TX attempt failed (msg 24 CP busy )*66
Traitement non prevu pour candidat : $AIALR,121344,001,A,V,AIS: Tx malfunction*73
Traitement non prevu pour candidat : $AIALR,121344,001,V,V,AIS: Tx malfunction*64
Traitement non prevu pour candidat : $AITXT,01,01,70,Entered a DSC Receivable Window Chan A*46
Traitement non prevu pour candidat : $AITXT,01,01,70,Leaving a DSC Receivable Window^2C Chan A*7E
Traitement non prevu pour candidat : $AITXT,01,01,70,Entered a DSC Receivable Window Chan B*45
Traitement non prevu pour candidat : $AITXT,01,01,70,Leaving a DSC Receivable Window^2C Chan B*7D
Traitement non prevu pour candidat : $AITXT,01,01,70,Entered a DSC Receivable Window Chan A*46
Traitement non prevu pour candidat : $AITXT,01,01,70,Leaving a DSC Receivable Window^2C Chan A*7E
Traitement non prevu pour candidat : $AITXT,01,01,70,Entered a DSC Receivable Window Chan B*45
Traitement non prevu pour candidat : $AITXT,01,01,70,Leaving a DSC Receivable Window^2C Chan B*7D
Traitement non prevu pour candidat : $AITXT,01,01,70,Entered a DSC Receivable Window Chan A*46
Traitement non prevu pour candidat : $AITXT,01,01,70,Leaving a DSC Receivable Window^2C Chan A*7E
Traitement non prevu pour candidat : $AITXT,01,01,70,Entered a DSC Receivable Window Chan B*45
Traitement non prevu pour candidat : $AITXT,01,01,70,Leaving a DSC Receivable Window^2C Chan B*7D
Traitement non prevu pour candidat : $AITXT,01,01,62,TX attempt failed (msg 18 CP busy )*69
Traitement non prevu pour candidat : $AIALR,130059,001,A,V,AIS: Tx malfunction*7C
Traitement non prevu pour candidat : $AIALR,130059,001,V,V,AIS: Tx malfunction*6B
Traitement non prevu pour candidat : $AITXT,01,01,70,Entered a DSC Receivable Window Chan A*46
Traitement non prevu pour candidat : $AITXT,01,01,70,Leaving a DSC Receivable Window^2C Chan A*7E
Traitement non prevu pour candidat : $AITXT,01,01,70,Entered a DSC Receivable Window Chan B*45
Traitement non prevu pour candidat : $AITXT,01,01,70,Leaving a DSC Receivable Window^2C Chan B*7D
Traitement non prevu pour candidat : $AITXT,01,01,62,TX attempt failed (msg 18 CP busy )*69
Traitement non prevu pour candidat : $AITXT,01,01,62,TX attempt failed (msg 18 CP busy )*69
Traitement non prevu pour candidat : $AITXT,01,01,62,TX attempt failed (msg 18 CP busy )*69
Traitement non prevu pour candidat : $AITXT,01,01,62,TX attempt failed (msg 18 CP busy )*69
Traitement non prevu pour candidat : $AITXT,01,01,62,TX attempt failed (msg 18 CP busy )*69
Traitement non prevu pour candidat : $AITXT,01,01,70,Entered a DSC Receivable Window Chan A*46
Traitement non prevu pour candidat : $AITXT,01,01,70,Leaving a DSC Receivable Window^2C Chan A*7E
Traitement non prevu pour candidat : $AITXT,01,01,70,Entered a DSC Receivable Window Chan B*45
Traitement non prevu pour candidat : $AITXT,01,01,70,Leaving a DSC Receivable Window^2C Chan B*7D
Traitement non prevu pour candidat : $AITXT,01,01,62,TX attempt failed (msg 18 CP busy )*69
Traitement non prevu pour candidat : $AITXT,01,01,62,TX attempt failed (msg 24 CP busy )*66
Traitement non prevu pour candidat : $AITXT,01,01,62,TX attempt failed (msg 24 CP busy )*66
Traitement non prevu pour candidat : $AITXT,01,01,70,Entered a DSC Receivable Window Chan A*46
Traitement non prevu pour candidat : $AITXT,01,01,70,Leaving a DSC Receivable Window^2C Chan A*7E
Traitement non prevu pour candidat : $AITXT,01,01,70,Entered a DSC Receivable Window Chan B*45
Traitement non prevu pour candidat : $AITXT,01,01,70,Leaving a DSC Receivable Window^2C Chan B*7D
Traitement non prevu pour candidat : $AITXT,01,01,62,TX attempt failed (msg 24 CP busy )*66
Traitement non prevu pour candidat : $AITXT,01,01,62,TX attempt failed (msg 24 CP busy )*66
Traitement non prevu pour candidat : $AITXT,01,01,62,TX attempt failed (msg 24 CP busy )*66
Traitement non prevu pour candidat : $AITXT,01,01,62,TX attempt failed (msg 24 CP busy )*66
Traitement non prevu pour candidat : $AITXT,01,01,62,TX attempt failed (msg 24 CP busy )*66
Traitement non prevu pour candidat : $AITXT,01,01,62,TX attempt failed (msg 18 CP busy )*69
Traitement non prevu pour candidat : $AITXT,01,01,62,TX attempt failed (msg 18 CP busy )*69
Traitement non prevu pour candidat : $AITXT,01,01,62,TX attempt failed (msg 18 CP busy )*69
Traitement non prevu pour candidat : $AITXT,01,01,62,TX attempt failed (msg 18 CP busy )*69
Traitement non prevu pour candidat : $AITXT,01,01,62,TX attempt failed (msg 18 CP busy )*69
Traitement non prevu pour candidat : $AITXT,01,01,62,TX attempt failed (msg 18 CP busy )*69
Traitement non prevu pour candidat : $AITXT,01,01,62,TX attempt failed (msg 18 CP busy )*69
Traitement non prevu pour candidat : $AITXT,01,01,62,TX attempt failed (msg 24 CP busy )*66
Traitement non prevu pour candidat : $AITXT,01,01,70,Entered a DSC Receivable Window Chan A*46
Traitement non prevu pour candidat : $AITXT,01,01,62,TX attempt failed (msg 18 CP busy )*69
Traitement non prevu pour candidat : $AITXT,01,01,62,TX attempt failed (msg 18 CP busy )*69
Traitement non prevu pour candidat : $AITXT,01,01,70,Leaving a DSC Receivable Window^2C Chan A*7E
Traitement non prevu pour candidat : $AITXT,01,01,70,Entered a DSC Receivable Window Chan B*45
Traitement non prevu pour candidat : $AITXT,01,01,62,TX attempt failed (msg 18 CP busy )*69
Traitement non prevu pour candidat : $AITXT,01,01,62,TX attempt failed (msg 18 CP busy )*69
Traitement non prevu pour candidat : $AITXT,01,01,62,TX attempt failed (msg 18 CP busy )*69
Traitement non prevu pour candidat : $AITXT,01,01,62,TX attempt failed (msg 18 CP busy )*69
Traitement non prevu pour candidat : $AITXT,01,01,62,TX attempt failed (msg 18 CP busy )*69
Traitement non prevu pour candidat : $AITXT,01,01,70,Leaving a DSC Receivable Window^2C Chan B*7D
Traitement non prevu pour candidat : $AITXT,01,01,62,TX attempt failed (msg 18 CP busy )*69
Traitement non prevu pour candidat : $AITXT,01,01,62,TX attempt failed (msg 18 CP busy )*69
Traitement non prevu pour candidat : $AITXT,01,01,62,TX attempt failed (msg 18 CP busy )*69
Traitement non prevu pour candidat : $AITXT,01,01,62,TX attempt failed (msg 18 CP busy )*69
Traitement non prevu pour candidat : $AITXT,01,01,62,TX attempt failed (msg 18 CP busy )*69
Traitement non prevu pour candidat : $AITXT,01,01,62,TX attempt failed (msg 18 CP busy )*69
Traitement non prevu pour candidat : $AITXT,01,01,62,TX attempt failed (msg 18 CP busy )*69
Traitement non prevu pour candidat : $AITXT,01,01,62,TX attempt failed (msg 18 CP busy )*69
Traitement non prevu pour candidat : $AITXT,01,01,62,TX attempt failed (msg 18 CP busy )*69
Traitement non prevu pour candidat : $AITXT,01,01,62,TX attempt failed (msg 18 CP busy )*69
Traitement non prevu pour candidat : $AITXT,01,01,62,TX attempt failed (msg 18 CP busy )*69
Traitement non prevu pour candidat : $AITXT,01,01,62,TX attempt failed (msg 18 CP busy )*69
Traitement non prevu pour candidat : $AITXT,01,01,62,TX attempt failed (msg 18 CP busy )*69
Traitement non prevu pour candidat : $AITXT,01,01,62,TX attempt failed (msg 18 CP busy )*69
Traitement non prevu pour candidat : $AITXT,01,01,62,TX attempt failed (msg 18 CP busy )*69
Traitement non prevu pour candidat : $AITXT,01,01,62,TX attempt failed (msg 18 CP busy )*69
Traitement non prevu pour candidat : $AITXT,01,01,62,TX attempt failed (msg 18 CP busy )*69
Traitement non prevu pour candidat : $AITXT,01,01,62,Max number of CP exceeded (msg 18)*73
Traitement non prevu pour candidat : $AITXT,01,01,62,TX attempt failed (msg 18 CP busy )*69
Traitement non prevu pour candidat : $AITXT,01,01,62,TX attempt failed (msg 18 CP busy )*69
Traitement non prevu pour candidat : $AITXT,01,01,62,TX attempt failed (msg 18 CP busy )*69
Traitement non prevu pour candidat : $AITXT,01,01,62,TX attempt failed (msg 18 CP busy )*69
Traitement non prevu pour candidat : $AITXT,01,01,62,TX attempt failed (msg 18 CP busy )*69
Traitement non prevu pour candidat : $AITXT,01,01,62,TX attempt failed (msg 18 CP busy )*69
Traitement non prevu pour candidat : $AITXT,01,01,62,TX attempt failed (msg 18 CP busy )*69
Traitement non prevu pour candidat : $AITXT,01,01,62,TX attempt failed (msg 18 CP busy )*69
Traitement non prevu pour candidat : $AITXT,01,01,62,TX attempt failed (msg 18 CP busy )*69
Traitement non prevu pour candidat : $AITXT,01,01,62,TX attempt failed (msg 24 CP busy )*66
Traitement non prevu pour candidat : $AITXT,01,01,62,TX attempt failed (msg 24 CP busy )*66
Traitement non prevu pour candidat : $AITXT,01,01,62,TX attempt failed (msg 24 CP busy )*66
Traitement non prevu pour candidat : $AITXT,01,01,62,TX attempt failed (msg 24 CP busy )*66
Traitement non prevu pour candidat : $AITXT,01,01,62,TX attempt failed (msg 24 CP busy )*66
Traitement non prevu pour candidat : $AITXT,01,01,62,TX attempt failed (msg 18 CP busy )*69
Traitement non prevu pour candidat : $AITXT,01,01,62,TX attempt failed (msg 18 CP busy )*69
Traitement non prevu pour candidat : $AITXT,01,01,70,Entered a DSC Receivable Window Chan A*46
Traitement non prevu pour candidat : $AITXT,01,01,70,Leaving a DSC Receivable Window^2C Chan A*7E
Traitement non prevu pour candidat : $AITXT,01,01,70,Entered a DSC Receivable Window Chan B*45
Traitement non prevu pour candidat : $AITXT,01,01,62,TX attempt failed (msg 18 CP busy )*69
Traitement non prevu pour candidat : $AITXT,01,01,62,TX attempt failed (msg 18 CP busy )*69
Traitement non prevu pour candidat : $AITXT,01,01,62,TX attempt failed (msg 18 CP busy )*69
Traitement non prevu pour candidat : $AITXT,01,01,62,TX attempt failed (msg 18 CP busy )*69
Traitement non prevu pour candidat : $AITXT,01,01,62,TX attempt failed (msg 18 CP busy )*69
Traitement non prevu pour candidat : $AITXT,01,01,62,TX attempt failed (msg 18 CP busy )*69
Traitement non prevu pour candidat : $AITXT,01,01,62,TX attempt failed (msg 18 CP busy )*69
Traitement non prevu pour candidat : $AITXT,01,01,70,Leaving a DSC Receivable Window^2C Chan B*7D
Traitement non prevu pour candidat : $AITXT,01,01,62,TX attempt failed (msg 18 CP busy )*69
Traitement non prevu pour candidat : $AITXT,01,01,62,TX attempt failed (msg 18 CP busy )*69
Traitement non prevu pour candidat : $AITXT,01,01,62,TX attempt failed (msg 18 CP busy )*69
Traitement non prevu pour candidat : $AITXT,01,01,62,Max number of CP exceeded (msg 18)*73
Traitement non prevu pour candidat : $AITXT,01,01,62,TX attempt failed (msg 24 CP busy )*66
Traitement non prevu pour candidat : $AITXT,01,01,62,TX attempt failed (msg 24 CP busy )*66
Traitement non prevu pour candidat : $AITXT,01,01,62,TX attempt failed (msg 18 CP busy )*69
Traitement non prevu pour candidat : $AITXT,01,01,62,TX attempt failed (msg 18 CP busy )*69
Traitement non prevu pour candidat : $AITXT,01,01,62,TX attempt failed (msg 18 CP busy )*69
Traitement non prevu pour candidat : $AITXT,01,01,62,TX attempt failed (msg 18 CP busy )*69
Traitement non prevu pour candidat : $AITXT,01,01,62,TX attempt failed (msg 18 CP busy )*69
Traitement non prevu pour candidat : $AITXT,01,01,62,TX attempt failed (msg 18 CP busy )*69
Traitement non prevu pour candidat : $AITXT,01,01,62,TX attempt failed (msg 18 CP busy )*69
Traitement non prevu pour candidat : $AITXT,01,01,62,TX attempt failed (msg 18 CP busy )*69
Traitement non prevu pour candidat : $AITXT,01,01,62,TX attempt failed (msg 18 CP busy )*69
Traitement non prevu pour candidat : $AITXT,01,01,62,TX attempt failed (msg 18 CP busy )*69
Traitement non prevu pour candidat : $AITXT,01,01,62,Max number of CP exceeded (msg 18)*73
nbrRmc = 6115 nbrGll 22259 nbrRmcUsed 526
